 pulsatrix/secc/SERIAL/tx/status
 {
  "id": "redacted",
  "state": "SUSPENDED_EV",
  "effectiveAmperageLimit": 32,
  "startedTime": 1691343029,
  "endedTime": 0,
  "startReason": "CablePluggedIn",
  "lastMeterValue": 3645.880859,
  "lastActivePower": 0,
  "meterStart": 3643.753906,
  "meterStop": 3643.753906,
  "peakPhaseAmperage": {},
  "peakActivePower": 3479.479492
}
{
  "id": "redacted",
  "state": "CHARGING",
  "effectiveAmperageLimit": 32,
  "startedTime": 1691343029,
  "endedTime": 0,
  "startReason": "CablePluggedIn",
  "lastMeterValue": 3645.906982,
  "lastActivePower": 2119.759277,
  "meterStart": 3643.753906,
  "meterStop": 3643.753906,
  "peakPhaseAmperage": {},
  "peakActivePower": 3479.479492
}
--------------
pulsatrix/secc/SERIAL/meter/fiscal
{
  "voltage": [
    236.3654633,
    238.4984131,
    236.7804108
  ],
  "amperage": [
    0,
    0,
    0
  ],
  "frequency": 49.92698288,
  "activePower": 0,
  "energyImported": 3645.880859
}